#
# A fatal error has been detected by the Java Runtime Environment:
#
#  Internal Error (javaClasses.cpp:136), pid=5972, tid=5616
#  fatal error: Invalid layout of preloaded class
#
# JRE version:  (7.0_51-b13) (build )
# Java VM: Java HotSpot(TM) 64-Bit Server VM (24.51-b03 mixed mode windows-amd64 compressed oops)
# Failed to write core dump. Minidumps are not enabled by default on client versions of Windows
#
# If you would like to submit a bug report, please visit:
#   http://bugreport.sun.com/bugreport/crash.jsp
#

---------------  T H R E A D  ---------------

Current thread (0x000000000279d800):  JavaThread "Unknown thread" [_thread_in_vm, id=5616, stack(0x00000000029f0000,0x0000000002af0000)]

Stack: [0x00000000029f0000,0x0000000002af0000]

---------------  P R O C E S S  ---------------

Java Threads: ( => current thread )

Other Threads:

=>0x000000000279d800 (exited) JavaThread "Unknown thread" [_thread_in_vm, id=5616, stack(0x00000000029f0000,0x0000000002af0000)]

VM state:not at safepoint (not fully initialized)

VM Mutex/Monitor currently owned by a thread: None

GC Heap History (0 events):
No events

Deoptimization events (0 events):
No events

Internal exceptions (0 events):
No events

Events (10 events):
Event: 0.013 loading class 0x000000000266c940 done
Event: 0.013 loading class 0x000000000266c360 done
Event: 0.013 loading class 0x000000000266c340
Event: 0.014 loading class 0x0000000002674440
Event: 0.014 loading class 0x0000000002674440 done
Event: 0.014 loading class 0x0000000002674470
Event: 0.014 loading class 0x0000000002674470 done
Event: 0.014 loading class 0x00000000026744a0
Event: 0.014 loading class 0x00000000026744a0 done
Event: 0.014 loading class 0x000000000266c340 done


Dynamic libraries:
0x000000013fb70000 - 0x000000013fba3000 	E:\softwareInstall\study\Java\jre\bin\javaw.exe
0x0000000077760000 - 0x0000000077908000 	C:\Windows\SYSTEM32\ntdll.dll
0x0000000077540000 - 0x000000007765f000 	C:\Windows\system32\kernel32.dll
0x000007fefd9c0000 - 0x000007fefda2c000 	C:\Windows\system32\KERNELBASE.dll
0x000007feff0a0000 - 0x000007feff17b000 	C:\Windows\system32\ADVAPI32.dll
0x000007feff2c0000 - 0x000007feff35f000 	C:\Windows\system32\msvcrt.dll
0x000007fefdc10000 - 0x000007fefdc2f000 	C:\Windows\SYSTEM32\sechost.dll
0x000007fefef60000 - 0x000007feff08d000 	C:\Windows\system32\RPCRT4.dll
0x0000000077660000 - 0x000000007775a000 	C:\Windows\system32\USER32.dll
0x000007fefda70000 - 0x000007fefdad7000 	C:\Windows\system32\GDI32.dll
0x000007feff090000 - 0x000007feff09e000 	C:\Windows\system32\LPK.dll
0x000007fefdae0000 - 0x000007fefdba9000 	C:\Windows\system32\USP10.dll
0x000007fefbff0000 - 0x000007fefc1e4000 	C:\Windows\WinSxS\amd64_microsoft.windows.common-controls_6595b64144ccf1df_6.0.7601.17514_none_fa396087175ac9ac\COMCTL32.dll
0x000007feff630000 - 0x000007feff6a1000 	C:\Windows\system32\SHLWAPI.dll
0x000007feff220000 - 0x000007feff24e000 	C:\Windows\system32\IMM32.DLL
0x000007fefe0c0000 - 0x000007fefe1c9000 	C:\Windows\system32\MSCTF.dll
0x000007fefd620000 - 0x000007fefd65c000 	C:\Windows\system32\nvinitx.dll
0x0000000077f20000 - 0x0000000077ff2000 	E:\softwareInstall\study\Java\jre\bin\msvcr100.dll
0x0000000071e30000 - 0x00000000725f9000 	E:\softwareInstall\study\Java\jre\bin\server\jvm.dll
0x000007fef7b20000 - 0x000007fef7b29000 	C:\Windows\system32\WSOCK32.dll
0x000007feff270000 - 0x000007feff2bd000 	C:\Windows\system32\WS2_32.dll
0x000007feff360000 - 0x000007feff368000 	C:\Windows\system32\NSI.dll
0x000007fefa810000 - 0x000007fefa84b000 	C:\Windows\system32\WINMM.dll
0x0000000077920000 - 0x0000000077927000 	C:\Windows\system32\PSAPI.DLL
0x0000000073560000 - 0x000000007356f000 	E:\softwareInstall\study\Java\jre\bin\verify.dll
0x0000000072ec0000 - 0x0000000072ee8000 	E:\softwareInstall\study\Java\jre\bin\java.dll
0x0000000072ea0000 - 0x0000000072eb5000 	E:\softwareInstall\study\Java\jre\bin\zip.dll

VM Arguments:
jvm_args: -Dfile.encoding=GBK -Xbootclasspath:E:\softwareInstall\study\adt-bundle-windows-x86_64-20131030\sdk\platforms\android-19\android.jar 
java_command: com.dawndaybreak.logappliction.utils.LogUtils
Launcher Type: SUN_STANDARD

Environment Variables:
JAVA_HOME=E:\softwareInstall\study\Java
CLASSPATH=E:\softwareInstall\study\Java\jdk\lib\dt.jar;E:\softwareInstall\study\Java\jdk\lib\tools.jar;E:\softwareInstall\study\Java\jdk\bin
PATH=C:\Windows\system32;C:\Windows;C:\Windows\System32\Wbem;C:\Windows\System32\WindowsPowerShell\v1.0\;E:\softwareInstall\study\Java\jdk\bin;E:\softwareInstall\study\Java\jre\bin;E:\softwareInstall\study\adt-bundle-windows-x86_64-20131030\sdk\platform-tools
USERNAME=xuHaiLiang
OS=Windows_NT
PROCESSOR_IDENTIFIER=Intel64 Family 6 Model 42 Stepping 7, GenuineIntel



---------------  S Y S T E M  ---------------

OS: Windows 7 , 64 bit Build 7601 Service Pack 1

CPU:total 4 (2 cores per cpu, 2 threads per core) family 6 model 42 stepping 7, cmov, cx8, fxsr, mmx, sse, sse2, sse3, ssse3, sse4.1, sse4.2, popcnt, avx, aes, ht, tsc, tscinvbit

Memory: 4k page, physical 4136816k(888900k free), swap 8271780k(3628976k free)

vm_info: Java HotSpot(TM) 64-Bit Server VM (24.51-b03) for windows-amd64 JRE (1.7.0_51-b13), built on Dec 18 2013 18:40:56 by "java_re" with unknown MS VC++:1600

time: Tue May 19 20:52:47 2015
elapsed time: 0 seconds

